<?xml version="1.0" encoding="UTF-8"?>
<testng-results ignored="0" total="6" passed="5" failed="1" skipped="0">
  <reporter-output>
    <line>
      <![CDATA[Test data loaded.]]>
    </line>
    <line>
      <![CDATA[All data entered.]]>
    </line>
    <line>
      <![CDATA[The form submitted.]]>
    </line>
    <line>
      <![CDATA[Confirmation page shown up.]]>
    </line>
    <line>
      <![CDATA[Confirmation page screenshot created.]]>
    </line>
  </reporter-output>
  <suite started-at="2021-10-26T19:06:35 GMT+08:00" name="Test Suite" finished-at="2021-10-26T19:06:45 GMT+08:00" duration-ms="9438">
    <groups>
    </groups>
    <test started-at="2021-10-26T19:06:35 GMT+08:00" name="C:/00-MyDisk/01-Selenium/00-MyExercise/07-08-TestNG-Listerner" finished-at="2021-10-26T19:06:45 GMT+08:00" duration-ms="9308">
      <class name="Form">
        <test-method signature="testOne()[pri:0, instance:Form@6fa51cd4]" started-at="2021-10-26T19:06:36 GMT+08:00" name="testOne" finished-at="2021-10-26T19:06:45 GMT+08:00" duration-ms="9247" status="PASS">
          <reporter-output>
            <line>
              <![CDATA[Test data loaded.]]>
            </line>
            <line>
              <![CDATA[All data entered.]]>
            </line>
            <line>
              <![CDATA[The form submitted.]]>
            </line>
            <line>
              <![CDATA[Confirmation page shown up.]]>
            </line>
            <line>
              <![CDATA[Confirmation page screenshot created.]]>
            </line>
          </reporter-output>
        </test-method> <!-- testOne -->
        <test-method signature="testTwo()[pri:0, instance:Form@6fa51cd4]" started-at="2021-10-26T19:06:45 GMT+08:00" name="testTwo" finished-at="2021-10-26T19:06:45 GMT+08:00" duration-ms="2" status="FAIL">
          <exception class="java.lang.AssertionError">
            <message>
              <![CDATA[expected [true] but found [false]]]>
            </message>
            <full-stacktrace>
              <![CDATA[java.lang.AssertionError: expected [true] but found [false]
at org.testng.Assert.fail(Assert.java:99)
at org.testng.Assert.failNotEquals(Assert.java:1037)
at org.testng.Assert.assertTrue(Assert.java:45)
at org.testng.Assert.assertTrue(Assert.java:55)
at Form.testTwo(Form.java:74)
at java.base/jdk.internal.reflect.NativeMethodAccessorImpl.invoke0(Native Method)
at java.base/jdk.internal.reflect.NativeMethodAccessorImpl.invoke(NativeMethodAccessorImpl.java:62)
at java.base/jdk.internal.reflect.DelegatingMethodAccessorImpl.invoke(DelegatingMethodAccessorImpl.java:43)
at java.base/java.lang.reflect.Method.invoke(Method.java:566)
at org.testng.internal.MethodInvocationHelper.invokeMethod(MethodInvocationHelper.java:133)
at org.testng.internal.TestInvoker.invokeMethod(TestInvoker.java:598)
at org.testng.internal.TestInvoker.invokeTestMethod(TestInvoker.java:173)
at org.testng.internal.MethodRunner.runInSequence(MethodRunner.java:46)
at org.testng.internal.TestInvoker$MethodInvocationAgent.invoke(TestInvoker.java:824)
at org.testng.internal.TestInvoker.invokeTestMethods(TestInvoker.java:146)
at org.testng.internal.TestMethodWorker.invokeTestMethods(TestMethodWorker.java:146)
at org.testng.internal.TestMethodWorker.run(TestMethodWorker.java:128)
at java.base/java.util.ArrayList.forEach(ArrayList.java:1540)
at org.testng.TestRunner.privateRun(TestRunner.java:794)
at org.testng.TestRunner.run(TestRunner.java:596)
at org.testng.SuiteRunner.runTest(SuiteRunner.java:377)
at org.testng.SuiteRunner.runSequentially(SuiteRunner.java:371)
at org.testng.SuiteRunner.privateRun(SuiteRunner.java:332)
at org.testng.SuiteRunner.run(SuiteRunner.java:276)
at org.testng.SuiteRunnerWorker.runSuite(SuiteRunnerWorker.java:53)
at org.testng.SuiteRunnerWorker.run(SuiteRunnerWorker.java:96)
at org.testng.TestNG.runSuitesSequentially(TestNG.java:1212)
at org.testng.TestNG.runSuitesLocally(TestNG.java:1134)
at org.testng.TestNG.runSuites(TestNG.java:1063)
at org.testng.TestNG.run(TestNG.java:1031)
at com.intellij.rt.testng.IDEARemoteTestNG.run(IDEARemoteTestNG.java:66)
at com.intellij.rt.testng.RemoteTestNGStarter.main(RemoteTestNGStarter.java:109)
]]>
            </full-stacktrace>
          </exception> <!-- java.lang.AssertionError -->
          <reporter-output>
          </reporter-output>
        </test-method> <!-- testTwo -->
      </class> <!-- Form -->
      <class name="TestClass4">
        <test-method signature="TestClass4_Test1()[pri:0, instance:TestClass4@1750fbeb]" started-at="2021-10-26T19:06:45 GMT+08:00" name="TestClass4_Test1" finished-at="2021-10-26T19:06:45 GMT+08:00" duration-ms="1" status="PASS">
          <reporter-output>
          </reporter-output>
        </test-method> <!-- TestClass4_Test1 -->
        <test-method signature="TestClass4_Test2()[pri:0, instance:TestClass4@1750fbeb]" started-at="2021-10-26T19:06:45 GMT+08:00" name="TestClass4_Test2" finished-at="2021-10-26T19:06:45 GMT+08:00" duration-ms="1" status="PASS">
          <reporter-output>
          </reporter-output>
        </test-method> <!-- TestClass4_Test2 -->
      </class> <!-- TestClass4 -->
    </test> <!-- C:/00-MyDisk/01-Selenium/00-MyExercise/07-08-TestNG-Listerner -->
    <test started-at="2021-10-26T19:06:45 GMT+08:00" name="Test class 2" finished-at="2021-10-26T19:06:45 GMT+08:00" duration-ms="8">
      <class name="TestClass2">
        <test-method signature="TestClass2_Test1()[pri:0, instance:TestClass2@710636b0]" started-at="2021-10-26T19:06:45 GMT+08:00" name="TestClass2_Test1" finished-at="2021-10-26T19:06:45 GMT+08:00" duration-ms="6" status="PASS">
          <reporter-output>
          </reporter-output>
        </test-method> <!-- TestClass2_Test1 -->
      </class> <!-- TestClass2 -->
    </test> <!-- Test class 2 -->
    <test started-at="2021-10-26T19:06:45 GMT+08:00" name="Test class 3" finished-at="2021-10-26T19:06:45 GMT+08:00" duration-ms="6">
      <class name="Form">
        <test-method is-config="true" signature="setup()[pri:0, instance:Form@6fa51cd4]" started-at="2021-10-26T19:06:29 GMT+08:00" name="setup" finished-at="2021-10-26T19:06:35 GMT+08:00" duration-ms="6726" status="PASS">
          <reporter-output>
          </reporter-output>
        </test-method> <!-- setup -->
        <test-method is-config="true" signature="teardown()[pri:0, instance:Form@6fa51cd4]" started-at="2021-10-26T19:06:45 GMT+08:00" name="teardown" finished-at="2021-10-26T19:06:46 GMT+08:00" duration-ms="1345" status="PASS">
          <reporter-output>
          </reporter-output>
        </test-method> <!-- teardown -->
      </class> <!-- Form -->
      <class name="TestClass3">
        <test-method signature="TestClass3_Test1()[pri:0, instance:TestClass3@2de56eb2]" started-at="2021-10-26T19:06:45 GMT+08:00" name="TestClass3_Test1" finished-at="2021-10-26T19:06:45 GMT+08:00" duration-ms="3" status="PASS">
          <reporter-output>
          </reporter-output>
        </test-method> <!-- TestClass3_Test1 -->
      </class> <!-- TestClass3 -->
    </test> <!-- Test class 3 -->
  </suite> <!-- Test Suite -->
</testng-results>
